<?xml version="1.0" encoding="UTF-8"?>
<!-- Generated by org.testng.reporters.JUnitXMLReporter -->
<testsuite ignored="0" hostname="QSINBNB342" failures="0" tests="5" name="Default test" time="210.234" errors="0" timestamp="2023-09-13T12:03:47 IST">
  <testcase classname="Code.TC1_Login" name="LoginWithOutCredential" time="5.315"/>
  <testcase classname="Code.TC1_Login" name="loginWithValidCredential" time="12.086"/>
  <testcase classname="Code.TC1_Login" name="loginWithValidCredential" time="12.499"/>
  <testcase classname="Code.TC1_Login" name="LoginWithInvalidPassword" time="7.069"/>
  <testcase classname="Code.TC1_Login" name="LoginWithInvalidUser" time="6.785"/>
</testsuite> <!-- Default test -->
