<?xml version="1.0" encoding="UTF-8"?>
<!-- Generated by org.testng.reporters.JUnitXMLReporter -->
<testsuite ignored="3" hostname="QSINBNB342" failures="0" tests="2" name="Test" time="32.529" errors="0" timestamp="2023-09-13T13:43:43 IST">
  <testcase classname="Code.TC1_Login" name="loginWithValidCredential" time="8.943"/>
  <testcase classname="Code.TC1_Login" name="loginWithValidCredential" time="9.028"/>
  <testcase classname="Code.TC1_Login" name="LoginWithInvalidUser" time="0.0">
    <ignored/>
  </testcase> <!-- LoginWithInvalidUser -->
  <testcase classname="Code.TC1_Login" name="LoginWithOutCredential" time="0.0">
    <ignored/>
  </testcase> <!-- LoginWithOutCredential -->
  <testcase classname="Code.TC1_Login" name="LoginWithInvalidPassword" time="0.0">
    <ignored/>
  </testcase> <!-- LoginWithInvalidPassword -->
</testsuite> <!-- Test -->
