<?xml version="1.0" encoding="UTF-8"?>
<testng-results ignored="0" total="2" passed="2" failed="0" skipped="0">
  <reporter-output>
  </reporter-output>
  <suite started-at="2023-09-14T23:21:36 IST" name="Suite" finished-at="2023-09-14T23:22:12 IST" duration-ms="36512">
    <groups>
      <group name="Sanity">
        <method signature="TC1_Login.loginWithValidCredential(java.lang.String,java.lang.String)[pri:0, instance:Code.TC1_Login@5c80cf32]" name="loginWithValidCredential" class="Code.TC1_Login"/>
      </group> <!-- Sanity -->
    </groups>
    <test started-at="2023-09-14T23:21:36 IST" name="Test" finished-at="2023-09-14T23:22:12 IST" duration-ms="36512">
      <class name="Code.TC1_Login">
        <test-method is-config="true" signature="launchApplication()[pri:0, instance:Code.TC1_Login@5c80cf32]" started-at="2023-09-14T23:21:37 IST" name="launchApplication" finished-at="2023-09-14T23:21:47 IST" duration-ms="9729" status="PASS">
          <reporter-output>
          </reporter-output>
        </test-method> <!-- launchApplication -->
        <test-method signature="loginWithValidCredential(java.lang.String,java.lang.String)[pri:0, instance:Code.TC1_Login@5c80cf32]" started-at="2023-09-14T23:21:47 IST" name="loginWithValidCredential" data-provider="getData" finished-at="2023-09-14T23:21:56 IST" duration-ms="9186" status="PASS">
          <params>
            <param index="0">
              <value>
                <![CDATA[vinay@qs.com]]>
              </value>
            </param>
            <param index="1">
              <value>
                <![CDATA[Admin@1234]]>
              </value>
            </param>
          </params>
          <reporter-output>
          </reporter-output>
        </test-method> <!-- loginWithValidCredential -->
        <test-method is-config="true" signature="tearDown()[pri:0, instance:Code.TC1_Login@5c80cf32]" started-at="2023-09-14T23:21:56 IST" name="tearDown" finished-at="2023-09-14T23:21:56 IST" duration-ms="245" status="PASS">
          <reporter-output>
          </reporter-output>
        </test-method> <!-- tearDown -->
        <test-method is-config="true" signature="launchApplication()[pri:0, instance:Code.TC1_Login@5c80cf32]" started-at="2023-09-14T23:21:56 IST" name="launchApplication" finished-at="2023-09-14T23:22:03 IST" duration-ms="6737" status="PASS">
          <reporter-output>
          </reporter-output>
        </test-method> <!-- launchApplication -->
        <test-method signature="loginWithValidCredential(java.lang.String,java.lang.String)[pri:0, instance:Code.TC1_Login@5c80cf32]" started-at="2023-09-14T23:22:03 IST" name="loginWithValidCredential" data-provider="getData" finished-at="2023-09-14T23:22:12 IST" duration-ms="9049" status="PASS">
          <params>
            <param index="0">
              <value>
                <![CDATA[vinaybubgsit@gmail.com]]>
              </value>
            </param>
            <param index="1">
              <value>
                <![CDATA[Vinay@490]]>
              </value>
            </param>
          </params>
          <reporter-output>
          </reporter-output>
        </test-method> <!-- loginWithValidCredential -->
        <test-method is-config="true" signature="tearDown()[pri:0, instance:Code.TC1_Login@5c80cf32]" started-at="2023-09-14T23:22:12 IST" name="tearDown" finished-at="2023-09-14T23:22:12 IST" duration-ms="233" status="PASS">
          <reporter-output>
          </reporter-output>
        </test-method> <!-- tearDown -->
      </class> <!-- Code.TC1_Login -->
    </test> <!-- Test -->
  </suite> <!-- Suite -->
</testng-results>
