<?xml version="1.0" encoding="UTF-8"?>
<testng-results ignored="0" total="2" passed="2" failed="0" skipped="0">
  <reporter-output>
  </reporter-output>
  <suite started-at="2023-09-13T13:43:10 IST" name="Suite" finished-at="2023-09-13T13:43:42 IST" duration-ms="32529">
    <groups>
      <group name="Sanity">
        <method signature="TC1_Login.loginWithValidCredential(java.lang.String,java.lang.String)[pri:0, instance:Code.TC1_Login@5c80cf32]" name="loginWithValidCredential" class="Code.TC1_Login"/>
      </group> <!-- Sanity -->
    </groups>
    <test started-at="2023-09-13T13:43:10 IST" name="Test" finished-at="2023-09-13T13:43:42 IST" duration-ms="32529">
      <class name="Code.TC1_Login">
        <test-method is-config="true" signature="launchApplication()[pri:0, instance:Code.TC1_Login@5c80cf32]" started-at="2023-09-13T13:43:11 IST" name="launchApplication" finished-at="2023-09-13T13:43:18 IST" duration-ms="7122" status="PASS">
          <reporter-output>
          </reporter-output>
        </test-method> <!-- launchApplication -->
        <test-method signature="loginWithValidCredential(java.lang.String,java.lang.String)[pri:0, instance:Code.TC1_Login@5c80cf32]" started-at="2023-09-13T13:43:18 IST" name="loginWithValidCredential" data-provider="getData" finished-at="2023-09-13T13:43:27 IST" duration-ms="8943" status="PASS">
          <params>
            <param index="0">
              <value>
                <![CDATA[vinay@qs.com]]>
              </value>
            </param>
            <param index="1">
              <value>
                <![CDATA[Admin@1234]]>
              </value>
            </param>
          </params>
          <reporter-output>
          </reporter-output>
        </test-method> <!-- loginWithValidCredential -->
        <test-method is-config="true" signature="tearDown()[pri:0, instance:Code.TC1_Login@5c80cf32]" started-at="2023-09-13T13:43:27 IST" name="tearDown" finished-at="2023-09-13T13:43:27 IST" duration-ms="184" status="PASS">
          <reporter-output>
          </reporter-output>
        </test-method> <!-- tearDown -->
        <test-method is-config="true" signature="launchApplication()[pri:0, instance:Code.TC1_Login@5c80cf32]" started-at="2023-09-13T13:43:27 IST" name="launchApplication" finished-at="2023-09-13T13:43:33 IST" duration-ms="6033" status="PASS">
          <reporter-output>
          </reporter-output>
        </test-method> <!-- launchApplication -->
        <test-method signature="loginWithValidCredential(java.lang.String,java.lang.String)[pri:0, instance:Code.TC1_Login@5c80cf32]" started-at="2023-09-13T13:43:33 IST" name="loginWithValidCredential" data-provider="getData" finished-at="2023-09-13T13:43:42 IST" duration-ms="9028" status="PASS">
          <params>
            <param index="0">
              <value>
                <![CDATA[vinaybubgsit@gmail.com]]>
              </value>
            </param>
            <param index="1">
              <value>
                <![CDATA[Vinay@490]]>
              </value>
            </param>
          </params>
          <reporter-output>
          </reporter-output>
        </test-method> <!-- loginWithValidCredential -->
        <test-method is-config="true" signature="tearDown()[pri:0, instance:Code.TC1_Login@5c80cf32]" started-at="2023-09-13T13:43:42 IST" name="tearDown" finished-at="2023-09-13T13:43:42 IST" duration-ms="181" status="PASS">
          <reporter-output>
          </reporter-output>
        </test-method> <!-- tearDown -->
      </class> <!-- Code.TC1_Login -->
    </test> <!-- Test -->
  </suite> <!-- Suite -->
</testng-results>
