<?xml version="1.0" encoding="UTF-8"?>
<testng-results ignored="3" total="5" passed="2" failed="0" skipped="0">
  <reporter-output>
  </reporter-output>
  <suite started-at="2023-09-13T12:05:43 IST" name="Suite" finished-at="2023-09-13T12:07:02 IST" duration-ms="79834">
    <groups>
      <group name="Sanity">
        <method signature="TC1_Login.loginWithValidCredential(java.lang.String,java.lang.String)[pri:0, instance:Code.TC1_Login@e383572]" name="loginWithValidCredential" class="Code.TC1_Login"/>
      </group> <!-- Sanity -->
    </groups>
    <test started-at="2023-09-13T12:05:43 IST" name="Test" finished-at="2023-09-13T12:07:02 IST" duration-ms="79834">
      <class name="Code.TC1_Login">
        <test-method is-config="true" signature="launchApplication()[pri:0, instance:Code.TC1_Login@e383572]" started-at="2023-09-13T12:05:44 IST" name="launchApplication" finished-at="2023-09-13T12:06:07 IST" duration-ms="23056" status="PASS">
          <reporter-output>
          </reporter-output>
        </test-method> <!-- launchApplication -->
        <test-method signature="loginWithValidCredential(java.lang.String,java.lang.String)[pri:0, instance:Code.TC1_Login@e383572]" started-at="2023-09-13T12:06:07 IST" name="loginWithValidCredential" data-provider="getData" finished-at="2023-09-13T12:06:22 IST" duration-ms="15268" status="PASS">
          <params>
            <param index="0">
              <value>
                <![CDATA[vinay@qs.com]]>
              </value>
            </param>
            <param index="1">
              <value>
                <![CDATA[Admin@1234]]>
              </value>
            </param>
          </params>
          <reporter-output>
          </reporter-output>
        </test-method> <!-- loginWithValidCredential -->
        <test-method is-config="true" signature="tearDown()[pri:0, instance:Code.TC1_Login@e383572]" started-at="2023-09-13T12:06:22 IST" name="tearDown" finished-at="2023-09-13T12:06:22 IST" duration-ms="177" status="PASS">
          <reporter-output>
          </reporter-output>
        </test-method> <!-- tearDown -->
        <test-method is-config="true" signature="launchApplication()[pri:0, instance:Code.TC1_Login@e383572]" started-at="2023-09-13T12:06:22 IST" name="launchApplication" finished-at="2023-09-13T12:06:46 IST" duration-ms="24262" status="PASS">
          <reporter-output>
          </reporter-output>
        </test-method> <!-- launchApplication -->
        <test-method signature="loginWithValidCredential(java.lang.String,java.lang.String)[pri:0, instance:Code.TC1_Login@e383572]" started-at="2023-09-13T12:06:46 IST" name="loginWithValidCredential" data-provider="getData" finished-at="2023-09-13T12:07:02 IST" duration-ms="15812" status="PASS">
          <params>
            <param index="0">
              <value>
                <![CDATA[vinaybubgsit@gmail.com]]>
              </value>
            </param>
            <param index="1">
              <value>
                <![CDATA[Vinay@490]]>
              </value>
            </param>
          </params>
          <reporter-output>
          </reporter-output>
        </test-method> <!-- loginWithValidCredential -->
        <test-method is-config="true" signature="tearDown()[pri:0, instance:Code.TC1_Login@e383572]" started-at="2023-09-13T12:07:02 IST" name="tearDown" finished-at="2023-09-13T12:07:02 IST" duration-ms="188" status="PASS">
          <reporter-output>
          </reporter-output>
        </test-method> <!-- tearDown -->
      </class> <!-- Code.TC1_Login -->
    </test> <!-- Test -->
  </suite> <!-- Suite -->
</testng-results>
